<?xml version="1.0" encoding="UTF-8"?>
<testng-results ignored="0" total="2" passed="2" failed="0" skipped="0">
  <reporter-output>
  </reporter-output>
  <suite started-at="2023-11-06T23:02:16 IST" name="Surefire suite" finished-at="2023-11-06T23:02:16 IST" duration-ms="68">
    <groups>
    </groups>
    <test started-at="2023-11-06T23:02:16 IST" name="Surefire test" finished-at="2023-11-06T23:02:16 IST" duration-ms="68">
      <class name="demoontest.Testdata">
        <test-method signature="testCase1()[pri:0, instance:demoontest.Testdata@1b083826]" started-at="2023-11-06T23:02:16 IST" name="testCase1" finished-at="2023-11-06T23:02:16 IST" duration-ms="18" status="PASS">
          <reporter-output>
          </reporter-output>
        </test-method> <!-- testCase1 -->
        <test-method signature="testCase2()[pri:0, instance:demoontest.Testdata@1b083826]" started-at="2023-11-06T23:02:16 IST" name="testCase2" finished-at="2023-11-06T23:02:16 IST" duration-ms="1" status="PASS">
          <reporter-output>
          </reporter-output>
        </test-method> <!-- testCase2 -->
      </class> <!-- demoontest.Testdata -->
    </test> <!-- Surefire test -->
  </suite> <!-- Surefire suite -->
</testng-results>
